info it worked if it ends with ok
verbose cli [ 'node', '/usr/bin/npm', 'install', 'spdy' ]
info using npm@1.0.17
info using node@v0.5.4
verbose /usr/bin/node node symlink
verbose config file /home/razor/.npmrc
verbose config file /usr/etc/npmrc
silly testEngine { name: 'spdy-tools',
silly testEngine   description: '',
silly testEngine   version: '0.0.1',
silly testEngine   keywords: [],
silly testEngine   maintainers: 
silly testEngine    [ { name: 'Damianos Mylonakis',
silly testEngine        email: 'danmylonakis@gmail.com',
silly testEngine        url: 'http://www.github.com/razorg/node-spdy-tools' } ],
silly testEngine   contributors: [],
silly testEngine   bugs: '',
silly testEngine   licences: [],
silly testEngine   repositories: [],
silly testEngine   dependencies: { zlib: '1.0.5', spdy: '0.0.1' },
silly testEngine   _npmJsonOpts: 
silly testEngine    { file: '/home/razor/Documents/dev/node-spdy-tools/package.json',
silly testEngine      wscript: false,
silly testEngine      contributors: false,
silly testEngine      serverjs: false },
silly testEngine   _id: 'spdy-tools@0.0.1',
silly testEngine   devDependencies: {},
silly testEngine   engines: { node: '*' },
silly testEngine   _engineSupported: true,
silly testEngine   _npmVersion: '1.0.17',
silly testEngine   _nodeVersion: 'v0.5.4',
silly testEngine   _defaultsLoaded: true }
verbose caching /home/razor/Documents/dev/node-spdy-tools/package.json
verbose loadDefaults spdy-tools@0.0.1
verbose from cache /home/razor/Documents/dev/node-spdy-tools/package.json
verbose into /home/razor/Documents/dev/node-spdy-tools [ 'spdy' ]
verbose cache add [ 'spdy@0.0.1', null ]
info addNamed [ 'spdy', '0.0.1' ]
verbose addNamed [ '0.0.1', '0.0.1' ]
verbose GET spdy/0.0.1
verbose raw, before any munging spdy/0.0.1
verbose url resolving [ 'http://registry.npmjs.org/', './spdy/0.0.1' ]
verbose url resolved http://registry.npmjs.org/spdy/0.0.1
verbose url parsed { protocol: 'http:',
verbose url parsed   slashes: true,
verbose url parsed   host: 'registry.npmjs.org',
verbose url parsed   hostname: 'registry.npmjs.org',
verbose url parsed   href: 'http://registry.npmjs.org/spdy/0.0.1',
verbose url parsed   pathname: '/spdy/0.0.1' }
ERR! Error: ECONNREFUSED, Could not contact DNS servers
ERR!     at IOWatcher.callback (dns_legacy.js:74:15)
ERR! Report this *entire* log at:
ERR!     <http://github.com/isaacs/npm/issues>
ERR! or email it to:
ERR!     <npm-@googlegroups.com>
ERR! 
ERR! System Linux 2.6.38-11-generic
ERR! command "node" "/usr/bin/npm" "install" "spdy"
ERR! cwd /home/razor/Documents/dev/node-spdy-tools
ERR! node -v v0.5.4
ERR! npm -v 1.0.17
verbose exit [ 11, true ]
